<?xml version="1.0" encoding="UTF-8"?>
<!-- Generated by org.testng.reporters.JUnitXMLReporter -->
<testsuite ignored="0" hostname="DESKTOP-UK5D04V" failures="0" tests="4" name="Default test" time="13.299" errors="0" timestamp="2024-04-11T19:23:45 IST">
  <testcase classname="com.testScripts.PlaceOrderTest" name="searchProduct" time="0.802"/>
  <testcase classname="com.testScripts.PlaceOrderTest" name="addProductToCart" time="0.724"/>
  <testcase classname="com.testScripts.PlaceOrderTest" name="checkOutProduct" time="0.285"/>
  <testcase classname="com.testScripts.PlaceOrderTest" name="buyProduct" time="5.544"/>
</testsuite> <!-- Default test -->
