<?xml version="1.0" encoding="UTF-8"?>
<!-- Generated by org.testng.reporters.JUnitXMLReporter -->
<testsuite ignored="0" hostname="DESKTOP-UK5D04V" failures="0" tests="4" name="Default test" time="36.292" errors="0" timestamp="2024-04-11T20:06:36 IST">
  <testcase classname="com.testScripts.PlaceOrderTest" name="searchProduct" time="0.986"/>
  <testcase classname="com.testScripts.PlaceOrderTest" name="addProductToCart" time="1.44"/>
  <testcase classname="com.testScripts.PlaceOrderTest" name="checkOutProduct" time="0.438"/>
  <testcase classname="com.testScripts.PlaceOrderTest" name="buyProduct" time="5.914"/>
</testsuite> <!-- Default test -->
