<?xml version="1.0" encoding="UTF-8"?>
<testng-results ignored="0" total="4" passed="4" failed="0" skipped="0">
  <reporter-output>
  </reporter-output>
  <suite started-at="2024-04-11T20:06:00 IST" name="Default suite" finished-at="2024-04-11T20:06:36 IST" duration-ms="36292">
    <groups>
    </groups>
    <test started-at="2024-04-11T20:06:00 IST" name="Default test" finished-at="2024-04-11T20:06:36 IST" duration-ms="36292">
      <class name="com.testScripts.PlaceOrderTest">
        <test-method is-config="true" signature="setUp()[pri:0, instance:com.testScripts.PlaceOrderTest@2dc54ad4]" started-at="2024-04-11T20:06:00 IST" name="setUp" finished-at="2024-04-11T20:06:27 IST" duration-ms="27090" status="PASS">
          <reporter-output>
          </reporter-output>
        </test-method> <!-- setUp -->
        <test-method signature="searchProduct()[pri:1, instance:com.testScripts.PlaceOrderTest@2dc54ad4]" started-at="2024-04-11T20:06:27 IST" name="searchProduct" finished-at="2024-04-11T20:06:28 IST" duration-ms="986" status="PASS">
          <reporter-output>
          </reporter-output>
        </test-method> <!-- searchProduct -->
        <test-method signature="addProductToCart()[pri:2, instance:com.testScripts.PlaceOrderTest@2dc54ad4]" started-at="2024-04-11T20:06:28 IST" name="addProductToCart" finished-at="2024-04-11T20:06:30 IST" duration-ms="1440" status="PASS">
          <reporter-output>
          </reporter-output>
        </test-method> <!-- addProductToCart -->
        <test-method signature="checkOutProduct()[pri:3, instance:com.testScripts.PlaceOrderTest@2dc54ad4]" started-at="2024-04-11T20:06:30 IST" name="checkOutProduct" finished-at="2024-04-11T20:06:30 IST" duration-ms="438" status="PASS">
          <reporter-output>
          </reporter-output>
        </test-method> <!-- checkOutProduct -->
        <test-method signature="buyProduct()[pri:4, instance:com.testScripts.PlaceOrderTest@2dc54ad4]" started-at="2024-04-11T20:06:30 IST" name="buyProduct" finished-at="2024-04-11T20:06:36 IST" duration-ms="5914" status="PASS">
          <reporter-output>
          </reporter-output>
        </test-method> <!-- buyProduct -->
        <test-method is-config="true" signature="tearDown()[pri:0, instance:com.testScripts.PlaceOrderTest@2dc54ad4]" started-at="2024-04-11T20:06:36 IST" name="tearDown" finished-at="2024-04-11T20:06:36 IST" duration-ms="357" status="PASS">
          <reporter-output>
          </reporter-output>
        </test-method> <!-- tearDown -->
      </class> <!-- com.testScripts.PlaceOrderTest -->
    </test> <!-- Default test -->
  </suite> <!-- Default suite -->
</testng-results>
