<?xml version="1.0" encoding="UTF-8"?>
<testng-results ignored="0" total="4" passed="4" failed="0" skipped="0">
  <reporter-output>
  </reporter-output>
  <suite started-at="2024-04-11T19:23:32 IST" name="Default suite" finished-at="2024-04-11T19:23:45 IST" duration-ms="13299">
    <groups>
    </groups>
    <test started-at="2024-04-11T19:23:32 IST" name="Default test" finished-at="2024-04-11T19:23:45 IST" duration-ms="13299">
      <class name="com.testScripts.PlaceOrderTest">
        <test-method is-config="true" signature="setUp()[pri:0, instance:com.testScripts.PlaceOrderTest@2dc54ad4]" started-at="2024-04-11T19:23:32 IST" name="setUp" finished-at="2024-04-11T19:23:37 IST" duration-ms="5696" status="PASS">
          <reporter-output>
          </reporter-output>
        </test-method> <!-- setUp -->
        <test-method signature="searchProduct()[pri:1, instance:com.testScripts.PlaceOrderTest@2dc54ad4]" started-at="2024-04-11T19:23:37 IST" name="searchProduct" finished-at="2024-04-11T19:23:38 IST" duration-ms="802" status="PASS">
          <reporter-output>
          </reporter-output>
        </test-method> <!-- searchProduct -->
        <test-method signature="addProductToCart()[pri:2, instance:com.testScripts.PlaceOrderTest@2dc54ad4]" started-at="2024-04-11T19:23:38 IST" name="addProductToCart" finished-at="2024-04-11T19:23:39 IST" duration-ms="724" status="PASS">
          <reporter-output>
          </reporter-output>
        </test-method> <!-- addProductToCart -->
        <test-method signature="checkOutProduct()[pri:3, instance:com.testScripts.PlaceOrderTest@2dc54ad4]" started-at="2024-04-11T19:23:39 IST" name="checkOutProduct" finished-at="2024-04-11T19:23:39 IST" duration-ms="285" status="PASS">
          <reporter-output>
          </reporter-output>
        </test-method> <!-- checkOutProduct -->
        <test-method signature="buyProduct()[pri:4, instance:com.testScripts.PlaceOrderTest@2dc54ad4]" started-at="2024-04-11T19:23:39 IST" name="buyProduct" finished-at="2024-04-11T19:23:45 IST" duration-ms="5544" status="PASS">
          <reporter-output>
          </reporter-output>
        </test-method> <!-- buyProduct -->
        <test-method is-config="true" signature="tearDown()[pri:0, instance:com.testScripts.PlaceOrderTest@2dc54ad4]" started-at="2024-04-11T19:23:45 IST" name="tearDown" finished-at="2024-04-11T19:23:45 IST" duration-ms="216" status="PASS">
          <reporter-output>
          </reporter-output>
        </test-method> <!-- tearDown -->
      </class> <!-- com.testScripts.PlaceOrderTest -->
    </test> <!-- Default test -->
  </suite> <!-- Default suite -->
</testng-results>
